[debug] [2022-09-19T03:04:33.457Z] ----------------------------------------------------------------------
[debug] [2022-09-19T03:04:33.459Z] Command:       /usr/local/bin/firebase /Users/sammy/.cache/firebase/tools/lib/node_modules/firebase-tools/lib/bin/firebase deploy --only hosting
[debug] [2022-09-19T03:04:33.459Z] CLI Version:   10.7.2
[debug] [2022-09-19T03:04:33.459Z] Platform:      darwin
[debug] [2022-09-19T03:04:33.459Z] Node Version:  v12.18.1
[debug] [2022-09-19T03:04:33.471Z] Time:          Mon Sep 19 2022 04:04:33 GMT+0100 (West Africa Standard Time)
[debug] [2022-09-19T03:04:33.471Z] ----------------------------------------------------------------------
[debug] 
[debug] [2022-09-19T03:04:33.475Z] >>> [apiv2][query] GET https://firebase-public.firebaseio.com/cli.json [none]
[debug] [2022-09-19T03:04:33.542Z] > command requires scopes: ["email","openid","https://www.googleapis.com/auth/cloudplatformprojects.readonly","https://www.googleapis.com/auth/firebase","https://www.googleapis.com/auth/cloud-platform"]
[debug] [2022-09-19T03:04:33.542Z] > authorizing via signed-in user (olumorinsammy@gmail.com)
[debug] [2022-09-19T03:04:33.542Z] [iam] checking project olumorin-samuel for permissions ["firebase.projects.get","firebasehosting.sites.update"]
[debug] [2022-09-19T03:04:33.544Z] > refreshing access token with scopes: []
[debug] [2022-09-19T03:04:33.544Z] >>> HTTP REQUEST POST https://www.googleapis.com/oauth2/v3/token  
 <request body omitted>
[debug] [2022-09-19T03:04:33.954Z] <<< HTTP RESPONSE 200 {"pragma":"no-cache","date":"Mon, 19 Sep 2022 03:04:34 GMT","cache-control":"no-cache, no-store, max-age=0, must-revalidate","expires":"Mon, 01 Jan 1990 00:00:00 GMT","content-type":"application/json; charset=utf-8","vary":"X-Origin, Referer, Origin,Accept-Encoding","server":"scaffolding on HTTPServer2","x-xss-protection":"0","x-frame-options":"SAMEORIGIN","x-content-type-options":"nosniff","alt-svc":"h3=\":443\"; ma=2592000,h3-29=\":443\"; ma=2592000,h3-Q050=\":443\"; ma=2592000,h3-Q046=\":443\"; ma=2592000,h3-Q043=\":443\"; ma=2592000,quic=\":443\"; ma=2592000; v=\"46,43\"","accept-ranges":"none","transfer-encoding":"chunked"}
[debug] [2022-09-19T03:04:34.001Z] >>> [apiv2][query] POST https://cloudresourcemanager.googleapis.com/v1/projects/olumorin-samuel:testIamPermissions [none]
[debug] [2022-09-19T03:04:34.001Z] >>> [apiv2][body] POST https://cloudresourcemanager.googleapis.com/v1/projects/olumorin-samuel:testIamPermissions {"permissions":["firebase.projects.get","firebasehosting.sites.update"]}
[debug] [2022-09-19T03:04:34.168Z] <<< [apiv2][status] GET https://firebase-public.firebaseio.com/cli.json 200
[debug] [2022-09-19T03:04:34.168Z] <<< [apiv2][body] GET https://firebase-public.firebaseio.com/cli.json {"cloudBuildErrorAfter":1594252800000,"cloudBuildWarnAfter":1590019200000,"defaultNode10After":1594252800000,"minVersion":"3.0.5","node8DeploysDisabledAfter":1613390400000,"node8RuntimeDisabledAfter":1615809600000,"node8WarnAfter":1600128000000}
[debug] [2022-09-19T03:04:35.483Z] <<< [apiv2][status] POST https://cloudresourcemanager.googleapis.com/v1/projects/olumorin-samuel:testIamPermissions 200
[debug] [2022-09-19T03:04:35.483Z] <<< [apiv2][body] POST https://cloudresourcemanager.googleapis.com/v1/projects/olumorin-samuel:testIamPermissions {"permissions":["firebase.projects.get","firebasehosting.sites.update"]}
[debug] [2022-09-19T03:04:35.485Z] >>> [apiv2][query] GET https://firebase.googleapis.com/v1beta1/projects/olumorin-samuel [none]
[debug] [2022-09-19T03:04:36.101Z] <<< [apiv2][status] GET https://firebase.googleapis.com/v1beta1/projects/olumorin-samuel 200
[debug] [2022-09-19T03:04:36.101Z] <<< [apiv2][body] GET https://firebase.googleapis.com/v1beta1/projects/olumorin-samuel {"projectId":"olumorin-samuel","projectNumber":"832281568313","displayName":"olumorin-samuel","name":"projects/olumorin-samuel","resources":{"hostingSite":"olumorin-samuel","realtimeDatabaseInstance":"olumorin-samuel"},"state":"ACTIVE","etag":"1_af1bce2d-abe2-4db6-88da-035b036c71f2"}
[info] 
[info] === Deploying to 'olumorin-samuel'...
[info] 
[info] i  deploying hosting 
[debug] [2022-09-19T03:04:36.107Z] >>> [apiv2][query] GET https://firebase.googleapis.com/v1beta1/projects/olumorin-samuel [none]
[debug] [2022-09-19T03:04:36.599Z] <<< [apiv2][status] GET https://firebase.googleapis.com/v1beta1/projects/olumorin-samuel 200
[debug] [2022-09-19T03:04:36.599Z] <<< [apiv2][body] GET https://firebase.googleapis.com/v1beta1/projects/olumorin-samuel {"projectId":"olumorin-samuel","projectNumber":"832281568313","displayName":"olumorin-samuel","name":"projects/olumorin-samuel","resources":{"hostingSite":"olumorin-samuel","realtimeDatabaseInstance":"olumorin-samuel"},"state":"ACTIVE","etag":"1_af1bce2d-abe2-4db6-88da-035b036c71f2"}
[debug] [2022-09-19T03:04:36.603Z] >>> [apiv2][query] POST https://firebasehosting.googleapis.com/v1beta1/projects/832281568313/sites/olumorin-samuel/versions [none]
[debug] [2022-09-19T03:04:36.603Z] >>> [apiv2][body] POST https://firebasehosting.googleapis.com/v1beta1/projects/832281568313/sites/olumorin-samuel/versions {"config":{},"labels":{"deployment-tool":"cli-firebase"}}
[debug] [2022-09-19T03:04:38.529Z] <<< [apiv2][status] POST https://firebasehosting.googleapis.com/v1beta1/projects/832281568313/sites/olumorin-samuel/versions 200
[debug] [2022-09-19T03:04:38.529Z] <<< [apiv2][body] POST https://firebasehosting.googleapis.com/v1beta1/projects/832281568313/sites/olumorin-samuel/versions {"name":"projects/832281568313/sites/olumorin-samuel/versions/bb846e29f2cb050e","status":"CREATED","config":{},"labels":{"deployment-tool":"cli-firebase"}}
[info] i  hosting[olumorin-samuel]: beginning deploy... 
[info] i  hosting[olumorin-samuel]: found 57 files in public 
[debug] [2022-09-19T03:04:38.557Z] [hosting] uploading with 200 concurrency
[debug] [2022-09-19T03:04:38.569Z] [hosting] hash cache [cHVibGlj] stored for 57 files
[debug] [2022-09-19T03:04:38.569Z] [hosting][hash queue][FINAL] {"max":8,"min":0,"avg":0.19364187891550316,"active":0,"complete":57,"success":57,"errored":0,"retried":0,"total":57,"elapsed":10}
[debug] [2022-09-19T03:04:38.569Z] >>> [apiv2][query] POST https://firebasehosting.googleapis.com/v1beta1/projects/832281568313/sites/olumorin-samuel/versions/bb846e29f2cb050e:populateFiles [none]
[debug] [2022-09-19T03:04:38.570Z] >>> [apiv2][body] POST https://firebasehosting.googleapis.com/v1beta1/projects/832281568313/sites/olumorin-samuel/versions/bb846e29f2cb050e:populateFiles {"files":{"/404.html":"05cbc6f94d7a69ce2e29646eab13be2c884e61ba93e3094df5028866876d18b3","/assets/icons/icons.svg":"e2a222f14210fa8f2bd9a92ab74b0f71340e1e64137ffdadeb0d4ae34d348dbd","/assets/images/banner-8.jpg":"2505c306c8f31ad8bb339a981282d6f23baf0119cac08b932f36c4cde99902d0","/assets/images/cnn.jpg":"6645a835ccd1fe052d134291fa59892bcfc49521e8c9402a9fd946b4fdfcbb29","/assets/images/dashboard-snip-compressed.jpg":"ea20758a65a05b6f3b10754c56da20687c1ebb082885cafe1250259a1d5686dd","/assets/images/job-finder.png":"8fd4e55c6da0ca3e349926114088cce3e00305367282bedddb9d4c7d58b27724","/assets/images/music-box-img.png":"ba30be5844f853e6132173d8271014f2a2c4b5130216535089bfaf29ee45d1a9","/assets/images/music-box.png":"661b558fd6c575d39a17fc458ffeb36af43d81f868c301539767e434c52e2d4a","/assets/images/new pig game-compressed.jpg":"2d0a35cacc3c90feb956e58363db5c2609bfcc061f237d5a82a56622e05b5087","/assets/images/olumorin-samuel.jpg":"b61affff505d0493e5291b4f8244b1d966466ece117f2d36d702d686e111180f","/assets/images/oville laptop-compressed.jpg":"ac557dffa5155accdc98d8c1c1d4547da4243a41a37337f59534b192379c5583","/assets/images/oville-admin-snap-compressed.jpg":"79099a13efc7c40554f9fff6fe189af936e396589db37433f331d5d28d7a0ea1","/assets/images/oville-screenshot.png":"43760870f21dffd02151655f039206d634db4cf432aadd24caface3aed577ffc","/assets/images/photgraphy-img copy.png":"d3bedd7c38f0d820c5e34710f94de57d63921f462b4cf827036670a25c3f1da3","/assets/images/photgraphy-img.png":"d3bedd7c38f0d820c5e34710f94de57d63921f462b4cf827036670a25c3f1da3","/assets/images/photography-website-compressed.jpg":"dd37210a5cef9505a61233a5a3c5287c790dee0fbccb3b8237add3862c0da09b","/assets/images/sam.jpeg":"b62bd226785b30bb4d6fe4662875fc3bef5180a12fb886911f5f2ca89ef53db5","/assets/images/ticketting-pic-compressed.jpg":"933aeac58a4201585e7cdb346c6b3aa93dada6d1b0c50dfe21bd56be369e84b2","/assets/images/vault-sie.png":"68476c58259881b24b9ed9b0471ce1ae4ee9de5691ebdd370f7592c9376bba96","/assets/images/vaultway-dashboard.png":"70261ba8e3e2cb868c648cb32d87945c2ff96c95f3c556ebfef1c521463f4d67","/assets/images/waz-academi.png":"c6c525b295f78713e53406d5b7ba335f517eb5ecfe86154df6f5b402aabcba46","/assets/images/waz-academy.png":"feaad8ae129e36890f73bf948e0e0044767d200616c5bdea920b96c094ba5ca5","/assets/images/weather snap-compressed.jpg":"a4f673b2735a32431d82e484411f76ba9258ab84d1f39ec5c50be125b05a8f53","/assets/images/icons/MongoDB.jpeg":"8b3e2059d225c25ebd970bc57d2cbfbfd909d05c822c306620caab6bc492dcc7","/assets/images/icons/React.webp":"b9b8c13905587116a602c3951b28277fb062ecd639ad9a1bdedba1367f26cc48","/assets/images/icons/aws-icon.png":"ea7110444d6379a3884749117635d6bee19be946d0047ab1dace07ebfa445821","/assets/images/icons/aws.png":"86dfbb3cd2bcb2469a80623c72f0fb5a8cbc0065905e6edd843c1b2814e0b5bb","/assets/images/icons/circlr-ci.png":"7f9cbcf70da71a0a4483e5ba66a7085383426d48909d7ffe570f42148945d647","/assets/images/icons/code-icon.webp":"f4666d4be31d91010b6c38bc9145c48ea6e35b3ab3584d40542d552fe45b5cc9","/assets/images/icons/css-icon.png":"5d95e3f6c8ad19cf8e46da3c97a4db03e94e424af50e36c7eca8b28facc6e382","/assets/images/icons/docker-img.png":"9ec839cb3f8b675e185a7894dec86cf6194ea707df3b529a27d09fdc2dc533db","/assets/images/icons/express.webp":"a09117d9010cb6e7a055e38085ca2c1d3c176732c4568f5360b0583f37d28ff2","/assets/images/icons/firebase-icon.webp":"c5d8dbbfc38cd32aceca02f90e6c55cc48f146d6d2a9553e6d3792706ce2cd3c","/assets/images/icons/git-icon.png":"ba04d775d616a433c02456cc9343a5226faad27f88611f1f9a6f2ea12dca2c97","/assets/images/icons/google-dev-icon.png":"d7294c7c355b8793c7f1b49d6555a1a7bfcd326d901c8c963d68a38fa54173b3","/assets/images/icons/google.png":"7815392f0adbcfa087bee2d456ce43ece752914b87c0cd1e75779d6a8774ed5a","/assets/images/icons/graphql-icon.png":"2d42e2a908b7b8cca3b817e20b819ac16914071fef1de491681b9a0a9714e9d6","/assets/images/icons/jest-logo.png":"be772990f127769054ce6a6c2d0363949a27ac01f3b2b4fe64d78bb4bfbb3318","/assets/images/icons/js-icon.png":"d85ec5f38d70ef206d01aff111c433745443bb88fcd7cee8eb6036d23ebef61c","/assets/images/icons/material-ui-icon.png":"3b646f1c8658e46f0453563dcd2bdcc2a99e6249739cf502cd8c59ff42078574","/assets/images/icons/materialize-icon.png":"0a2798afcd87f7ca80d7320fc974be753bfe627ebed16ab87ccab160b42d86f1","/assets/images/icons/nest-icon.webp":"37d402b8414f60bbf770de7eb34a98d194fd84e46e799eff05a6f931b81ce695","/assets/images/icons/netlify-icon.png":"475c79dbbf07840f1b51b4a3ab6d5834d7b1ccc4281cb53f9a7f23a2b975c240","/assets/images/icons/nextjs.jpeg":"1ae1f16fea6a3587d4ba6907f67955d56c12b4d41bb86abe8f04eb6f9d06583b","/assets/images/icons/node-js-logo.png":"518ee4414e02ae3788598995c7f7933afaedb91ccf441492c16a83eccb83d5d6","/assets/images/icons/postgresQL.png":"4720efa5a781abf72a92616059ffc4ef30b954e72ca23a4845b956da4156e3ea","/assets/images/icons/react-icon.png":"a320a598fe72c75321e35bf5677444f1a32c0752ff76a60404700d463c98a874","/assets/images/icons/react-native-icon.png":"19e4dc3e2dcbf1682e0c2f88315eb00d30ec51fb10eb4df7ed6762aa9cb14650","/assets/images/icons/redux-icon.png":"de0972c9ae39b035ca6438ef7bb3ef618eea291cb4cf6d4b0135a23790b37908","/assets/images/icons/sass-icon.png":"84bec253dcfd67f5acf1f8379bda1b4af7f014640826fc0d7078715d3c605426","/assets/images/icons/ts-logo.svg":"d30a9e317a718d2cdc1e50e57fa10d29efecf621e1f0d91c4107f7778f9519d1","/assets/images/icons/type-orm-icon.png":"5141cc63dff60ac898ee37730a9738371dea4da00ebbccb3430d096ef85b34ad","/assets/images/icons/vs-code-icon.jpg":"e868fa05b323b31ebe069ae0a0de858322d8740cff23bb51edfb209de071380d","/assets/images/icons/webpack.png":"2b6d11172cfa2e1ceca2ff491ede616ab907a6756436c8360f387e04f2115c8f","/css/style.compiled.min.css":"7301a76ec0ce3527c1cadbddc79d151df255187d8a1cef9e740f634c64b57f87","/js/app.js":"7febd127fb2e946cd5ad51855267c3a57f0a5d23a8a44b48aef2e3cd40084dc0","/index.html":"85c5d837fe204a6f09203d77ad1badddbc4456832b632b7e987dc48f33d1cb37"}}
[debug] [2022-09-19T03:04:40.230Z] <<< [apiv2][status] POST https://firebasehosting.googleapis.com/v1beta1/projects/832281568313/sites/olumorin-samuel/versions/bb846e29f2cb050e:populateFiles 200
[debug] [2022-09-19T03:04:40.230Z] <<< [apiv2][body] POST https://firebasehosting.googleapis.com/v1beta1/projects/832281568313/sites/olumorin-samuel/versions/bb846e29f2cb050e:populateFiles {"uploadRequiredHashes":["85c5d837fe204a6f09203d77ad1badddbc4456832b632b7e987dc48f33d1cb37"],"uploadUrl":"https://upload-firebasehosting.googleapis.com/upload/sites/olumorin-samuel/versions/bb846e29f2cb050e/files"}
[debug] [2022-09-19T03:04:40.230Z] >>> [apiv2][query] POST https://upload-firebasehosting.googleapis.com/upload/sites/olumorin-samuel/versions/bb846e29f2cb050e/files/85c5d837fe204a6f09203d77ad1badddbc4456832b632b7e987dc48f33d1cb37 [none]
[debug] [2022-09-19T03:04:40.230Z] >>> [apiv2][body] POST https://upload-firebasehosting.googleapis.com/upload/sites/olumorin-samuel/versions/bb846e29f2cb050e/files/85c5d837fe204a6f09203d77ad1badddbc4456832b632b7e987dc48f33d1cb37 [stream]
[debug] [2022-09-19T03:04:40.231Z] [hosting][populate queue][FINAL] {"max":1662,"min":1662,"avg":1662,"active":0,"complete":1,"success":1,"errored":0,"retried":0,"total":1,"elapsed":1663}
[debug] [2022-09-19T03:04:40.231Z] [hosting] uploads queued: 1
